-------------------------------------------------------------------------------
Test set: formation.xp.MainTest
-------------------------------------------------------------------------------
Tests run: 1, Failures: 1, Errors: 0, Skipped: 0, Time elapsed: 0.051 s <<< FAILURE! - in formation.xp.MainTest
test  Time elapsed: 0.042 s  <<< FAILURE!
org.opentest4j.AssertionFailedError: expected: <true> but was: <false>
	at formation.xp.MainTest.test(MainTest.java:11)

